<?xml version="1.0" encoding="UTF-8"?>
<!-- Generated by org.testng.reporters.JUnitReportReporter -->
<testsuite hostname="LAPTOP-A3VH180C" failures="0" tests="1" name="tsetCases.NewTest" time="9.177" errors="0" timestamp="2022-07-19T11:42:23 IST" skipped="0">
  <testcase classname="tsetCases.NewTest" name="createCustomerTest" time="9.177"/>
  <system-out>
    <![CDATA[Navigation to Tasks Tab is Success
Customer Created Success]]>
  </system-out>
</testsuite> <!-- tsetCases.NewTest -->
